<?xml version="1.0" encoding="UTF-8"?>
<!-- Generated by org.testng.reporters.JUnitXMLReporter -->
<testsuite hostname="DESKTOP-88C78MG" ignored="0" name="Default test" tests="3" failures="0" timestamp="07 Nov 2018 00:24:33 GMT" time="35.945" errors="0">
  <testcase name="test_Page_Title" time="3.556" classname="com.test.Test1Test"/>
  <testcase name="test_Login_InvalidCredentials" time="10.348" classname="com.test.Test1Test"/>
  <testcase name="test_FAQ_Page" time="7.482" classname="com.test.Test1Test"/>
</testsuite> <!-- Default test -->
